{"level":"error","message":"error"}
{"level":"warn","message":"warn"}
{"level":"info","message":"info"}
{"level":"debug","message":"debug"}
{"level":"info","message":"Server running on port 4000"}
{"level":"error","message":"error"}
{"level":"warn","message":"warn"}
{"level":"info","message":"info"}
{"level":"info","message":"Server running on port 4000"}
error - error
warn - warn
info - info
info - Server running on port 4000
[error] - error
[warn] - warn
[info] - info
[info] - Server running on port 4000
[error  ] - error
[warn   ] - warn
[info   ] - info
[info   ] - Server running on port 4000
[ERROR  ] - error
[WARN   ] - warn
[INFO   ] - info
[INFO   ] - Server running on port 4000
2022-04-17T11:52:39.914Z - [ERROR  ] - error
2022-04-17T11:52:39.918Z - [WARN   ] - warn
2022-04-17T11:52:39.920Z - [INFO   ] - info
2022-04-17T11:52:39.929Z - [INFO   ] - Server running on port 4000
2022-04-17T11:57:31.190Z - [ERROR  ] - error
2022-04-17T11:57:31.194Z - [WARN   ] - warn
2022-04-17T11:57:31.194Z - [INFO   ] - info
2022-04-17T11:57:31.207Z - [INFO   ] - Server running on port 4000
2022-04-17T11:57:41.673Z - [ERROR  ] - error
2022-04-17T11:57:41.677Z - [WARN   ] - warn
2022-04-17T11:57:41.678Z - [INFO   ] - info
2022-04-17T11:57:41.690Z - [INFO   ] - Server running on port 4000
2022-04-17T11:58:51.671Z - [ERROR  ] - error
2022-04-17T11:58:51.676Z - [WARN   ] - warn
2022-04-17T11:58:51.678Z - [INFO   ] - info
2022-04-17T11:58:51.693Z - [INFO   ] - Server running on port 4000
2022-04-17T12:28:38.003Z - [ERROR  ] - error
2022-04-17T12:28:38.007Z - [WARN   ] - warn
2022-04-17T12:28:38.008Z - [INFO   ] - info
2022-04-17T12:28:38.019Z - [INFO   ] - Server running on port 4000
2022-04-17T12:30:08.759Z - [ERROR  ] - error
2022-04-17T12:30:08.762Z - [WARN   ] - warn
2022-04-17T12:30:08.764Z - [INFO   ] - info
2022-04-17T12:30:08.773Z - [INFO   ] - Server running on port 4000
2022-04-17T12:32:47.809Z - [ERROR  ] - error
2022-04-17T12:32:47.813Z - [WARN   ] - warn
2022-04-17T12:32:47.814Z - [INFO   ] - info
2022-04-17T12:32:47.828Z - [INFO   ] - Server running on port 4000
2022-04-17T12:35:22.991Z - [ERROR  ] - error
2022-04-17T12:35:22.995Z - [WARN   ] - warn
2022-04-17T12:35:22.995Z - [INFO   ] - info
2022-04-17T12:35:23.003Z - [INFO   ] - Server running on port 4000
2022-04-17T12:37:27.979Z - [ERROR  ] - error
2022-04-17T12:37:27.983Z - [WARN   ] - warn
2022-04-17T12:37:27.984Z - [INFO   ] - info
2022-04-17T12:37:27.995Z - [INFO   ] - Server running on port 4000
2022-04-17T12:38:05.994Z - [ERROR  ] - error
2022-04-17T12:38:05.998Z - [WARN   ] - warn
2022-04-17T12:38:05.999Z - [INFO   ] - info
2022-04-17T12:38:06.011Z - [INFO   ] - Server running on port 4000
2022-04-17T12:38:31.861Z - [ERROR  ] - error
2022-04-17T12:38:31.865Z - [WARN   ] - warn
2022-04-17T12:38:31.866Z - [INFO   ] - info
2022-04-17T12:38:31.877Z - [INFO   ] - Server running on port 4000
2022-04-17T12:38:56.678Z - [ERROR  ] - error
2022-04-17T12:38:56.682Z - [WARN   ] - warn
2022-04-17T12:38:56.683Z - [INFO   ] - info
2022-04-17T12:38:56.691Z - [INFO   ] - Server running on port 4000
2022-04-17T12:47:45.505Z - [ERROR  ] - error
2022-04-17T12:47:45.512Z - [WARN   ] - warn
2022-04-17T12:47:45.521Z - [INFO   ] - info
2022-04-17T12:47:45.544Z - [INFO   ] - Server running on port 4000
2022-04-17T12:52:01.187Z - [ERROR  ] - error
2022-04-17T12:52:01.252Z - [WARN   ] - warn
2022-04-17T12:52:01.261Z - [INFO   ] - info
2022-04-17T12:52:01.282Z - [INFO   ] - Server running on port 4000
2022-04-17T12:53:31.957Z - [ERROR  ] - error
2022-04-17T12:53:31.961Z - [WARN   ] - warn
2022-04-17T12:53:31.962Z - [INFO   ] - info
2022-04-17T12:53:31.974Z - [INFO   ] - Server running on port 4000
2022-04-17T13:02:19.707Z - [ERROR  ] - error
2022-04-17T13:02:19.715Z - [WARN   ] - warn
2022-04-17T13:02:19.716Z - [INFO   ] - info
2022-04-17T13:02:19.734Z - [INFO   ] - Server running on port 4000
